<!DOCTYPE html PUBLIC "-//W3C//DTD XHTML 1.1//EN" "http://www.w3.org/TR/xhtml11/DTD/xhtml11.dtd">
<html xmlns="http://www.w3.org/1999/xhtml"><head><title>TestNG Report</title><style type="text/css">table {margin-bottom:10px;border-collapse:collapse;empty-cells:show}th,td {border:1px solid #009;padding:.25em .5em}th {vertical-align:bottom}td {vertical-align:top}table a {font-weight:bold}.stripe td {background-color: #E6EBF9}.num {text-align:right}.passedodd td {background-color: #3F3}.passedeven td {background-color: #0A0}.skippedodd td {background-color: #DDD}.skippedeven td {background-color: #CCC}.failedodd td,.attn {background-color: #F33}.failedeven td,.stripe .attn {background-color: #D00}.stacktrace {white-space:pre;font-family:monospace}.totop {font-size:85%;text-align:center;border-bottom:2px solid #000}</style></head><body><table><tr><th>Test</th><th># Passed</th><th># Skipped</th><th># Failed</th><th>Time (ms)</th><th>Included Groups</th><th>Excluded Groups</th></tr><tr><th colspan="7">Sapphirus Systems Pvt Ltd</th></tr><tr><td><a href="#t0">ChromeBrowser</a></td><td class="num">4</td><td class="num">0</td><td class="num attn">1</td><td class="num">295,174</td><td></td><td></td></tr></table><table><thead><tr><th>Class</th><th>Method</th><th>Start</th><th>Time (ms)</th></tr></thead><tbody><tr><th colspan="4">Sapphirus Systems Pvt Ltd</th></tr></tbody><tbody id="t0"><tr><th colspan="4">ChromeBrowser &#8212; failed</th></tr><tr class="failedeven"><td rowspan="1">com.cucumber.TestRunner.UserGenerateBulkWithoutApprovalRunner</td><td><a href="#m0">feature</a></td><td rowspan="1">1711688881267</td><td rowspan="1">44172</td></tr><tr><th colspan="4">ChromeBrowser &#8212; passed</th></tr><tr class="passedeven"><td rowspan="1">com.cucumber.TestRunner.UserGenerateSingleWithoutApprovalRunner</td><td><a href="#m1">feature</a></td><td rowspan="1">1711688800258</td><td rowspan="1">67463</td></tr><tr class="passedodd"><td rowspan="1">com.cucumber.TestRunner.UserGeneratedCertificatesRunner</td><td><a href="#m2">feature</a></td><td rowspan="1">1711688970769</td><td rowspan="1">74654</td></tr><tr class="passedeven"><td rowspan="1">com.cucumber.TestRunner.UserVerifiedCertificatesRunner</td><td><a href="#m3">feature</a></td><td rowspan="1">1711689048679</td><td rowspan="1">40534</td></tr><tr class="passedodd"><td rowspan="1">com.cucumber.TestRunner.UserVerifyCertificatesRunner</td><td><a href="#m4">feature</a></td><td rowspan="1">1711688928547</td><td rowspan="1">38637</td></tr></tbody></table><h2>ChromeBrowser</h2><h3 id="m0">com.cucumber.TestRunner.UserGenerateBulkWithoutApprovalRunner#feature</h3><table class="result"><tr class="param"><th>Parameter #1</th></tr><tr class="param stripe"><td>Institution User - Check the flow of Bulk with Approvals</td></tr><tr><th>Messages</th></tr><tr><td><div class="messages">Completed executing following method : AbstractTestNGCucumberTests.feature<br/>Test Method resides in com.cucumber.TestRunner.UserGenerateBulkWithoutApprovalRunner<br/>Test Method had the following parameters : nullInstitution User - Check the flow of Bulk with Approvals,<br/>Test Status: Failed</div></td></tr><tr><th>Exception</th></tr><tr><td><div class="stacktrace">cucumber.runtime.CucumberException: org.openqa.selenium.ElementClickInterceptedException: element click intercepted: Element &lt;input _ngcontent-tcm-c50=&quot;&quot; type=&quot;checkbox&quot; name=&quot;gen_mail_institution&quot; id=&quot;gen_mail_institution&quot; value=&quot;1&quot; class=&quot;form-check-input ng-untouched ng-pristine ng-valid&quot;&gt; is not clickable at point (126, 368). Other element would receive the click: &lt;div _ngcontent-tcm-c94=&quot;&quot; class=&quot;loader-box&quot;&gt;...&lt;/div&gt;
  (Session info: chrome=123.0.6312.86)
Build info: version: &apos;4.12.1&apos;, revision: &apos;8e34639b11&apos;
System info: os.name: &apos;Windows 10&apos;, os.arch: &apos;amd64&apos;, os.version: &apos;10.0&apos;, java.version: &apos;11.0.20&apos;
Driver info: org.openqa.selenium.chrome.ChromeDriver
Command: [70f322c09cd042fc1a5050f2973099da, clickElement {id=f.A56E25031A396D1A1C020C83694A3AAC.d.72AF96A66F90BA81FE212B1529560696.e.5879}]
Capabilities {acceptInsecureCerts: false, browserName: chrome, browserVersion: 123.0.6312.86, chrome: {chromedriverVersion: 123.0.6312.58 (6b4b19e9dfbb..., userDataDir: C:\Users\admin\AppData\Loca...}, fedcm:accounts: true, goog:chromeOptions: {debuggerAddress: localhost:54874}, networkConnectionEnabled: false, pageLoadStrategy: normal, platformName: windows, proxy: Proxy(), se:cdp: ws://localhost:54874/devtoo..., se:cdpVersion: 123.0.6312.86, setWindowRect: true, strictFileInteractability: false, timeouts: {implicit: 0, pageLoad: 300000, script: 30000}, unhandledPromptBehavior: dismiss and notify, webauthn:extension:credBlob: true, webauthn:extension:largeBlob: true, webauthn:extension:minPinLength: true, webauthn:extension:prf: true, webauthn:virtualAuthenticators: true}
Element: [[ChromeDriver: chrome on windows (70f322c09cd042fc1a5050f2973099da)] -&gt; xpath: //input[@name=&apos;gen_mail_institution&apos;]]
Session ID: 70f322c09cd042fc1a5050f2973099da
	at cucumber.api.testng.TestNGCucumberRunner.runCucumber(TestNGCucumberRunner.java:69)
	at cucumber.api.testng.AbstractTestNGCucumberTests.feature(AbstractTestNGCucumberTests.java:21)
Caused by: org.openqa.selenium.ElementClickInterceptedException: element click intercepted: Element &lt;input _ngcontent-tcm-c50=&quot;&quot; type=&quot;checkbox&quot; name=&quot;gen_mail_institution&quot; id=&quot;gen_mail_institution&quot; value=&quot;1&quot; class=&quot;form-check-input ng-untouched ng-pristine ng-valid&quot;&gt; is not clickable at point (126, 368). Other element would receive the click: &lt;div _ngcontent-tcm-c94=&quot;&quot; class=&quot;loader-box&quot;&gt;...&lt;/div&gt;
  (Session info: chrome=123.0.6312.86)
Build info: version: &apos;4.12.1&apos;, revision: &apos;8e34639b11&apos;
System info: os.name: &apos;Windows 10&apos;, os.arch: &apos;amd64&apos;, os.version: &apos;10.0&apos;, java.version: &apos;11.0.20&apos;
Driver info: org.openqa.selenium.chrome.ChromeDriver
Command: [70f322c09cd042fc1a5050f2973099da, clickElement {id=f.A56E25031A396D1A1C020C83694A3AAC.d.72AF96A66F90BA81FE212B1529560696.e.5879}]
Capabilities {acceptInsecureCerts: false, browserName: chrome, browserVersion: 123.0.6312.86, chrome: {chromedriverVersion: 123.0.6312.58 (6b4b19e9dfbb..., userDataDir: C:\Users\admin\AppData\Loca...}, fedcm:accounts: true, goog:chromeOptions: {debuggerAddress: localhost:54874}, networkConnectionEnabled: false, pageLoadStrategy: normal, platformName: windows, proxy: Proxy(), se:cdp: ws://localhost:54874/devtoo..., se:cdpVersion: 123.0.6312.86, setWindowRect: true, strictFileInteractability: false, timeouts: {implicit: 0, pageLoad: 300000, script: 30000}, unhandledPromptBehavior: dismiss and notify, webauthn:extension:credBlob: true, webauthn:extension:largeBlob: true, webauthn:extension:minPinLength: true, webauthn:extension:prf: true, webauthn:virtualAuthenticators: true}
Element: [[ChromeDriver: chrome on windows (70f322c09cd042fc1a5050f2973099da)] -&gt; xpath: //input[@name=&apos;gen_mail_institution&apos;]]
Session ID: 70f322c09cd042fc1a5050f2973099da
	at org.openqa.selenium.remote.codec.w3c.W3CHttpResponseCodec.createException(W3CHttpResponseCodec.java:200)
	at org.openqa.selenium.remote.codec.w3c.W3CHttpResponseCodec.decode(W3CHttpResponseCodec.java:133)
	at org.openqa.selenium.remote.codec.w3c.W3CHttpResponseCodec.decode(W3CHttpResponseCodec.java:52)
	at org.openqa.selenium.remote.HttpCommandExecutor.execute(HttpCommandExecutor.java:191)
	at org.openqa.selenium.remote.service.DriverCommandExecutor.invokeExecute(DriverCommandExecutor.java:196)
	at org.openqa.selenium.remote.service.DriverCommandExecutor.execute(DriverCommandExecutor.java:171)
	at org.openqa.selenium.remote.RemoteWebDriver.execute(RemoteWebDriver.java:602)
	at org.openqa.selenium.remote.RemoteWebElement.execute(RemoteWebElement.java:224)
	at org.openqa.selenium.remote.RemoteWebElement.click(RemoteWebElement.java:77)
	at com.cucumber.PageObjects.UserGenerateBulkWithoutApprovalPageObjects.uploadthedatafiles(UserGenerateBulkWithoutApprovalPageObjects.java:158)
	at com.cucumber.stepdefination.UserGenerateBulkWithoutApprovalSteps.upload_the_data_files(UserGenerateBulkWithoutApprovalSteps.java:77)
	at âœ½.Then upload the data files(src/test/resources/features/UserGenerateBulkWithoutApproval.feature:17)
... Removed 28 stack frames</div></td></tr></table><p class="totop"><a href="#summary">back to summary</a></p><h3 id="m1">com.cucumber.TestRunner.UserGenerateSingleWithoutApprovalRunner#feature</h3><table class="result"><tr class="param"><th>Parameter #1</th></tr><tr class="param stripe"><td>Institution User - Check the flow of Generate Single Without Approval</td></tr><tr><th>Messages</th></tr><tr><td><div class="messages">Completed executing following method : AbstractTestNGCucumberTests.feature<br/>Test Method resides in com.cucumber.TestRunner.UserGenerateSingleWithoutApprovalRunner<br/>Test Method had the following parameters : nullInstitution User - Check the flow of Generate Single Without Approval,<br/>Test Status: Pass</div></td></tr></table><p class="totop"><a href="#summary">back to summary</a></p><h3 id="m2">com.cucumber.TestRunner.UserGeneratedCertificatesRunner#feature</h3><table class="result"><tr class="param"><th>Parameter #1</th></tr><tr class="param stripe"><td>Institution User - Check the flow of Generated Certificates</td></tr><tr><th>Messages</th></tr><tr><td><div class="messages">Completed executing following method : AbstractTestNGCucumberTests.feature<br/>Test Method resides in com.cucumber.TestRunner.UserGeneratedCertificatesRunner<br/>Test Method had the following parameters : nullInstitution User - Check the flow of Generated Certificates,<br/>Test Status: Pass</div></td></tr></table><p class="totop"><a href="#summary">back to summary</a></p><h3 id="m3">com.cucumber.TestRunner.UserVerifiedCertificatesRunner#feature</h3><table class="result"><tr class="param"><th>Parameter #1</th></tr><tr class="param stripe"><td>Institution User - Check the flow of Verified Certificates</td></tr><tr><th>Messages</th></tr><tr><td><div class="messages">Completed executing following method : AbstractTestNGCucumberTests.feature<br/>Test Method resides in com.cucumber.TestRunner.UserVerifiedCertificatesRunner<br/>Test Method had the following parameters : nullInstitution User - Check the flow of Verified Certificates,<br/>Test Status: Pass</div></td></tr></table><p class="totop"><a href="#summary">back to summary</a></p><h3 id="m4">com.cucumber.TestRunner.UserVerifyCertificatesRunner#feature</h3><table class="result"><tr class="param"><th>Parameter #1</th></tr><tr class="param stripe"><td>Institution User - Check the flow of Institution User Verify Certificates</td></tr><tr><th>Messages</th></tr><tr><td><div class="messages">Completed executing following method : AbstractTestNGCucumberTests.feature<br/>Test Method resides in com.cucumber.TestRunner.UserVerifyCertificatesRunner<br/>Test Method had the following parameters : nullInstitution User - Check the flow of Institution User Verify Certificates,<br/>Test Status: Pass</div></td></tr></table><p class="totop"><a href="#summary">back to summary</a></p></body></html>