<?xml version="1.0" encoding="UTF-8"?>
<!-- Generated by org.testng.reporters.JUnitXMLReporter -->
<testsuite hostname="DESKTOP-DSBT63E" failures="1" tests="5" name="ChromeBrowser" time="295.174" errors="0" timestamp="29 Mar 2024 05:11:29 GMT">
  <testcase classname="com.cucumber.TestRunner.UserGenerateSingleWithoutApprovalRunner" name="feature" time="67.463"/>
  <testcase classname="com.cucumber.TestRunner.UserGenerateBulkWithoutApprovalRunner" name="feature" time="44.172">
    <failure type="cucumber.runtime.CucumberException" message="org.openqa.selenium.ElementClickInterceptedException: element click intercepted: Element &amp;lt;input _ngcontent-tcm-c50=&amp;quot;&amp;quot; type=&amp;quot;checkbox&amp;quot; name=&amp;quot;gen_mail_institution&amp;quot; id=&amp;quot;gen_mail_institution&amp;quot; value=&amp;quot;1&amp;quot; class=&amp;quot;form-check-input ng-untouched ng-pristine ng-valid&amp;quot;&amp;gt; is not clickable at point (126, 368). Other element would receive the click: &amp;lt;div _ngcontent-tcm-c94=&amp;quot;&amp;quot; class=&amp;quot;loader-box&amp;quot;&amp;gt;...&amp;lt;/div&amp;gt;
  (Session info: chrome=123.0.6312.86)
Build info: version: &amp;apos;4.12.1&amp;apos;, revision: &amp;apos;8e34639b11&amp;apos;
System info: os.name: &amp;apos;Windows 10&amp;apos;, os.arch: &amp;apos;amd64&amp;apos;, os.version: &amp;apos;10.0&amp;apos;, java.version: &amp;apos;11.0.20&amp;apos;
Driver info: org.openqa.selenium.chrome.ChromeDriver
Command: [70f322c09cd042fc1a5050f2973099da, clickElement {id=f.A56E25031A396D1A1C020C83694A3AAC.d.72AF96A66F90BA81FE212B1529560696.e.5879}]
Capabilities {acceptInsecureCerts: false, browserName: chrome, browserVersion: 123.0.6312.86, chrome: {chromedriverVersion: 123.0.6312.58 (6b4b19e9dfbb..., userDataDir: C:\Users\admin\AppData\Loca...}, fedcm:accounts: true, goog:chromeOptions: {debuggerAddress: localhost:54874}, networkConnectionEnabled: false, pageLoadStrategy: normal, platformName: windows, proxy: Proxy(), se:cdp: ws://localhost:54874/devtoo..., se:cdpVersion: 123.0.6312.86, setWindowRect: true, strictFileInteractability: false, timeouts: {implicit: 0, pageLoad: 300000, script: 30000}, unhandledPromptBehavior: dismiss and notify, webauthn:extension:credBlob: true, webauthn:extension:largeBlob: true, webauthn:extension:minPinLength: true, webauthn:extension:prf: true, webauthn:virtualAuthenticators: true}
Element: [[ChromeDriver: chrome on windows (70f322c09cd042fc1a5050f2973099da)] -&amp;gt; xpath: //input[@name=&amp;apos;gen_mail_institution&amp;apos;]]
Session ID: 70f322c09cd042fc1a5050f2973099da">
      <![CDATA[cucumber.runtime.CucumberException: org.openqa.selenium.ElementClickInterceptedException: element click intercepted: Element <input _ngcontent-tcm-c50="" type="checkbox" name="gen_mail_institution" id="gen_mail_institution" value="1" class="form-check-input ng-untouched ng-pristine ng-valid"> is not clickable at point (126, 368). Other element would receive the click: <div _ngcontent-tcm-c94="" class="loader-box">...</div>
  (Session info: chrome=123.0.6312.86)
Build info: version: '4.12.1', revision: '8e34639b11'
System info: os.name: 'Windows 10', os.arch: 'amd64', os.version: '10.0', java.version: '11.0.20'
Driver info: org.openqa.selenium.chrome.ChromeDriver
Command: [70f322c09cd042fc1a5050f2973099da, clickElement {id=f.A56E25031A396D1A1C020C83694A3AAC.d.72AF96A66F90BA81FE212B1529560696.e.5879}]
Capabilities {acceptInsecureCerts: false, browserName: chrome, browserVersion: 123.0.6312.86, chrome: {chromedriverVersion: 123.0.6312.58 (6b4b19e9dfbb..., userDataDir: C:\Users\admin\AppData\Loca...}, fedcm:accounts: true, goog:chromeOptions: {debuggerAddress: localhost:54874}, networkConnectionEnabled: false, pageLoadStrategy: normal, platformName: windows, proxy: Proxy(), se:cdp: ws://localhost:54874/devtoo..., se:cdpVersion: 123.0.6312.86, setWindowRect: true, strictFileInteractability: false, timeouts: {implicit: 0, pageLoad: 300000, script: 30000}, unhandledPromptBehavior: dismiss and notify, webauthn:extension:credBlob: true, webauthn:extension:largeBlob: true, webauthn:extension:minPinLength: true, webauthn:extension:prf: true, webauthn:virtualAuthenticators: true}
Element: [[ChromeDriver: chrome on windows (70f322c09cd042fc1a5050f2973099da)] -> xpath: //input[@name='gen_mail_institution']]
Session ID: 70f322c09cd042fc1a5050f2973099da
	at cucumber.api.testng.TestNGCucumberRunner.runCucumber(TestNGCucumberRunner.java:69)
	at cucumber.api.testng.AbstractTestNGCucumberTests.feature(AbstractTestNGCucumberTests.java:21)
Caused by: org.openqa.selenium.ElementClickInterceptedException: element click intercepted: Element <input _ngcontent-tcm-c50="" type="checkbox" name="gen_mail_institution" id="gen_mail_institution" value="1" class="form-check-input ng-untouched ng-pristine ng-valid"> is not clickable at point (126, 368). Other element would receive the click: <div _ngcontent-tcm-c94="" class="loader-box">...</div>
  (Session info: chrome=123.0.6312.86)
Build info: version: '4.12.1', revision: '8e34639b11'
System info: os.name: 'Windows 10', os.arch: 'amd64', os.version: '10.0', java.version: '11.0.20'
Driver info: org.openqa.selenium.chrome.ChromeDriver
Command: [70f322c09cd042fc1a5050f2973099da, clickElement {id=f.A56E25031A396D1A1C020C83694A3AAC.d.72AF96A66F90BA81FE212B1529560696.e.5879}]
Capabilities {acceptInsecureCerts: false, browserName: chrome, browserVersion: 123.0.6312.86, chrome: {chromedriverVersion: 123.0.6312.58 (6b4b19e9dfbb..., userDataDir: C:\Users\admin\AppData\Loca...}, fedcm:accounts: true, goog:chromeOptions: {debuggerAddress: localhost:54874}, networkConnectionEnabled: false, pageLoadStrategy: normal, platformName: windows, proxy: Proxy(), se:cdp: ws://localhost:54874/devtoo..., se:cdpVersion: 123.0.6312.86, setWindowRect: true, strictFileInteractability: false, timeouts: {implicit: 0, pageLoad: 300000, script: 30000}, unhandledPromptBehavior: dismiss and notify, webauthn:extension:credBlob: true, webauthn:extension:largeBlob: true, webauthn:extension:minPinLength: true, webauthn:extension:prf: true, webauthn:virtualAuthenticators: true}
Element: [[ChromeDriver: chrome on windows (70f322c09cd042fc1a5050f2973099da)] -> xpath: //input[@name='gen_mail_institution']]
Session ID: 70f322c09cd042fc1a5050f2973099da
	at org.openqa.selenium.remote.codec.w3c.W3CHttpResponseCodec.createException(W3CHttpResponseCodec.java:200)
	at org.openqa.selenium.remote.codec.w3c.W3CHttpResponseCodec.decode(W3CHttpResponseCodec.java:133)
	at org.openqa.selenium.remote.codec.w3c.W3CHttpResponseCodec.decode(W3CHttpResponseCodec.java:52)
	at org.openqa.selenium.remote.HttpCommandExecutor.execute(HttpCommandExecutor.java:191)
	at org.openqa.selenium.remote.service.DriverCommandExecutor.invokeExecute(DriverCommandExecutor.java:196)
	at org.openqa.selenium.remote.service.DriverCommandExecutor.execute(DriverCommandExecutor.java:171)
	at org.openqa.selenium.remote.RemoteWebDriver.execute(RemoteWebDriver.java:602)
	at org.openqa.selenium.remote.RemoteWebElement.execute(RemoteWebElement.java:224)
	at org.openqa.selenium.remote.RemoteWebElement.click(RemoteWebElement.java:77)
	at com.cucumber.PageObjects.UserGenerateBulkWithoutApprovalPageObjects.uploadthedatafiles(UserGenerateBulkWithoutApprovalPageObjects.java:158)
	at com.cucumber.stepdefination.UserGenerateBulkWithoutApprovalSteps.upload_the_data_files(UserGenerateBulkWithoutApprovalSteps.java:77)
	at âœ½.Then upload the data files(src/test/resources/features/UserGenerateBulkWithoutApproval.feature:17)
... Removed 28 stack frames]]>
    </failure>
  </testcase> <!-- feature -->
  <testcase classname="com.cucumber.TestRunner.UserVerifyCertificatesRunner" name="feature" time="38.637"/>
  <testcase classname="com.cucumber.TestRunner.UserGeneratedCertificatesRunner" name="feature" time="74.654"/>
  <testcase classname="com.cucumber.TestRunner.UserVerifiedCertificatesRunner" name="feature" time="40.534"/>
</testsuite> <!-- ChromeBrowser -->
